Flow report for MIC1
Sun Aug 04 01:44:30 2024
Quartus II 64-Bit Version 13.0.0 Build 156 04/24/2013 SJ Web Edition


---------------------
; Table of Contents ;
---------------------
  1. Legal Notice
  2. Flow Summary
  3. Flow Settings
  4. Flow Non-Default Global Settings
  5. Flow Elapsed Time
  6. Flow OS Summary
  7. Flow Log
  8. Flow Messages
  9. Flow Suppressed Messages



----------------
; Legal Notice ;
----------------
Copyright (C) 1991-2013 Altera Corporation
Your use of Altera Corporation's design tools, logic functions 
and other software and tools, and its AMPP partner logic 
functions, and any output files from any of the foregoing 
(including device programming or simulation files), and any 
associated documentation or information are expressly subject 
to the terms and conditions of the Altera Program License 
Subscription Agreement, Altera MegaCore Function License 
Agreement, or other applicable license agreement, including, 
without limitation, that your use is for the sole purpose of 
programming logic devices manufactured by Altera and sold by 
Altera or its authorized distributors.  Please refer to the 
applicable agreement for further details.



+---------------------------------------------------------------------------------+
; Flow Summary                                                                    ;
+------------------------------------+--------------------------------------------+
; Flow Status                        ; Successful - Sun Aug 04 01:44:30 2024      ;
; Quartus II 64-Bit Version          ; 13.0.0 Build 156 04/24/2013 SJ Web Edition ;
; Revision Name                      ; MIC1                                       ;
; Top-level Entity Name              ; MBR                                        ;
; Family                             ; Cyclone II                                 ;
; Device                             ; EP2C70F896I8                               ;
; Timing Models                      ; Final                                      ;
; Total logic elements               ; 22 / 68,416 ( < 1 % )                      ;
;     Total combinational functions  ; 14 / 68,416 ( < 1 % )                      ;
;     Dedicated logic registers      ; 17 / 68,416 ( < 1 % )                      ;
; Total registers                    ; 17                                         ;
; Total pins                         ; 86 / 622 ( 14 % )                          ;
; Total virtual pins                 ; 0                                          ;
; Total memory bits                  ; 0 / 1,152,000 ( 0 % )                      ;
; Embedded Multiplier 9-bit elements ; 0 / 300 ( 0 % )                            ;
; Total PLLs                         ; 0 / 4 ( 0 % )                              ;
+------------------------------------+--------------------------------------------+


+-----------------------------------------+
; Flow Settings                           ;
+-------------------+---------------------+
; Option            ; Setting             ;
+-------------------+---------------------+
; Start date & time ; 08/04/2024 01:21:04 ;
; Main task         ; Compilation         ;
; Revision Name     ; MIC1                ;
+-------------------+---------------------+


+----------------------------------------------------------------------------------------------------------------------------+
; Flow Non-Default Global Settings                                                                                           ;
+-------------------------------------+---------------------------------------+---------------+-------------+----------------+
; Assignment Name                     ; Value                                 ; Default Value ; Entity Name ; Section Id     ;
+-------------------------------------+---------------------------------------+---------------+-------------+----------------+
; COMPILER_SIGNATURE_ID               ; 198112244448532.172274526410652       ; --            ; --          ; --             ;
; EDA_GENERATE_FUNCTIONAL_NETLIST     ; Off                                   ; --            ; --          ; eda_simulation ;
; EDA_OUTPUT_DATA_FORMAT              ; Verilog Hdl                           ; --            ; --          ; eda_simulation ;
; EDA_SIMULATION_TOOL                 ; ModelSim-Altera (Verilog)             ; <None>        ; --          ; --             ;
; EDA_TIME_SCALE                      ; 1 ps                                  ; --            ; --          ; eda_simulation ;
; MAX_CORE_JUNCTION_TEMP              ; 125                                   ; --            ; --          ; --             ;
; MIN_CORE_JUNCTION_TEMP              ; -40                                   ; --            ; --          ; --             ;
; PARTITION_COLOR                     ; 16764057                              ; --            ; MBR         ; Top            ;
; PARTITION_FITTER_PRESERVATION_LEVEL ; PLACEMENT_AND_ROUTING                 ; --            ; MBR         ; Top            ;
; PARTITION_NETLIST_TYPE              ; SOURCE                                ; --            ; MBR         ; Top            ;
; POWER_BOARD_THERMAL_MODEL           ; None (CONSERVATIVE)                   ; --            ; --          ; --             ;
; POWER_PRESET_COOLING_SOLUTION       ; 23 MM HEAT SINK WITH 200 LFPM AIRFLOW ; --            ; --          ; --             ;
; PROJECT_OUTPUT_DIRECTORY            ; output_files                          ; --            ; --          ; --             ;
; TOP_LEVEL_ENTITY                    ; MBR                                   ; MIC1          ; --          ; --             ;
+-------------------------------------+---------------------------------------+---------------+-------------+----------------+


+-------------------------------------------------------------------------------------------------------------------------------+
; Flow Elapsed Time                                                                                                             ;
+---------------------------+--------------+-------------------------+---------------------+------------------------------------+
; Module Name               ; Elapsed Time ; Average Processors Used ; Peak Virtual Memory ; Total CPU Time (on all processors) ;
+---------------------------+--------------+-------------------------+---------------------+------------------------------------+
; Analysis & Synthesis      ; 00:00:00     ; 1.0                     ; 4584 MB             ; 00:00:01                           ;
; Fitter                    ; 00:00:07     ; 1.0                     ; 4975 MB             ; 00:00:07                           ;
; Assembler                 ; 00:00:02     ; 1.0                     ; 4576 MB             ; 00:00:02                           ;
; TimeQuest Timing Analyzer ; 00:00:01     ; 1.0                     ; 4543 MB             ; 00:00:01                           ;
; EDA Netlist Writer        ; 00:00:01     ; 1.0                     ; 4514 MB             ; 00:00:00                           ;
; EDA Netlist Writer        ; 00:00:00     ; 1.0                     ; 4520 MB             ; 00:00:01                           ;
; EDA Netlist Writer        ; 00:00:01     ; 1.0                     ; 4520 MB             ; 00:00:01                           ;
; EDA Netlist Writer        ; 00:00:01     ; 1.0                     ; 4520 MB             ; 00:00:00                           ;
; EDA Netlist Writer        ; 00:00:00     ; 1.0                     ; 4521 MB             ; 00:00:01                           ;
; EDA Netlist Writer        ; 00:00:00     ; 1.0                     ; 4520 MB             ; 00:00:00                           ;
; EDA Netlist Writer        ; 00:00:00     ; 1.0                     ; 4520 MB             ; 00:00:01                           ;
; EDA Netlist Writer        ; 00:00:00     ; 1.0                     ; 4520 MB             ; 00:00:00                           ;
; EDA Netlist Writer        ; 00:00:00     ; 1.0                     ; 4520 MB             ; 00:00:01                           ;
; EDA Netlist Writer        ; 00:00:01     ; 1.0                     ; 4520 MB             ; 00:00:00                           ;
; EDA Netlist Writer        ; 00:00:00     ; 1.0                     ; 4520 MB             ; 00:00:01                           ;
; EDA Netlist Writer        ; 00:00:01     ; 1.0                     ; 4520 MB             ; 00:00:01                           ;
; EDA Netlist Writer        ; 00:00:00     ; 1.0                     ; 4520 MB             ; 00:00:01                           ;
; EDA Netlist Writer        ; 00:00:01     ; 1.0                     ; 4520 MB             ; 00:00:00                           ;
; EDA Netlist Writer        ; 00:00:00     ; 1.0                     ; 4520 MB             ; 00:00:01                           ;
; Total                     ; 00:00:16     ; --                      ; --                  ; 00:00:20                           ;
+---------------------------+--------------+-------------------------+---------------------+------------------------------------+


+----------------------------------------------------------------------------------------+
; Flow OS Summary                                                                        ;
+---------------------------+------------------+-----------+------------+----------------+
; Module Name               ; Machine Hostname ; OS Name   ; OS Version ; Processor type ;
+---------------------------+------------------+-----------+------------+----------------+
; Analysis & Synthesis      ; DESKTOP-5AJE0E1  ; Windows 7 ; 6.2        ; x86_64         ;
; Fitter                    ; DESKTOP-5AJE0E1  ; Windows 7 ; 6.2        ; x86_64         ;
; Assembler                 ; DESKTOP-5AJE0E1  ; Windows 7 ; 6.2        ; x86_64         ;
; TimeQuest Timing Analyzer ; DESKTOP-5AJE0E1  ; Windows 7 ; 6.2        ; x86_64         ;
; EDA Netlist Writer        ; DESKTOP-5AJE0E1  ; Windows 7 ; 6.2        ; x86_64         ;
; EDA Netlist Writer        ; DESKTOP-5AJE0E1  ; Windows 7 ; 6.2        ; x86_64         ;
; EDA Netlist Writer        ; DESKTOP-5AJE0E1  ; Windows 7 ; 6.2        ; x86_64         ;
; EDA Netlist Writer        ; DESKTOP-5AJE0E1  ; Windows 7 ; 6.2        ; x86_64         ;
; EDA Netlist Writer        ; DESKTOP-5AJE0E1  ; Windows 7 ; 6.2        ; x86_64         ;
; EDA Netlist Writer        ; DESKTOP-5AJE0E1  ; Windows 7 ; 6.2        ; x86_64         ;
; EDA Netlist Writer        ; DESKTOP-5AJE0E1  ; Windows 7 ; 6.2        ; x86_64         ;
; EDA Netlist Writer        ; DESKTOP-5AJE0E1  ; Windows 7 ; 6.2        ; x86_64         ;
; EDA Netlist Writer        ; DESKTOP-5AJE0E1  ; Windows 7 ; 6.2        ; x86_64         ;
; EDA Netlist Writer        ; DESKTOP-5AJE0E1  ; Windows 7 ; 6.2        ; x86_64         ;
; EDA Netlist Writer        ; DESKTOP-5AJE0E1  ; Windows 7 ; 6.2        ; x86_64         ;
; EDA Netlist Writer        ; DESKTOP-5AJE0E1  ; Windows 7 ; 6.2        ; x86_64         ;
; EDA Netlist Writer        ; DESKTOP-5AJE0E1  ; Windows 7 ; 6.2        ; x86_64         ;
; EDA Netlist Writer        ; DESKTOP-5AJE0E1  ; Windows 7 ; 6.2        ; x86_64         ;
; EDA Netlist Writer        ; DESKTOP-5AJE0E1  ; Windows 7 ; 6.2        ; x86_64         ;
+---------------------------+------------------+-----------+------------+----------------+


------------
; Flow Log ;
------------
quartus_map --read_settings_files=on --write_settings_files=off MIC1 -c MIC1
quartus_fit --read_settings_files=off --write_settings_files=off MIC1 -c MIC1
quartus_asm --read_settings_files=off --write_settings_files=off MIC1 -c MIC1
quartus_sta MIC1 -c MIC1
quartus_eda --read_settings_files=off --write_settings_files=off MIC1 -c MIC1
quartus_eda --gen_testbench --check_outputs=on --tool=modelsim_oem --format=verilog MIC1 -c MIC1 --vector_source=D:/Backup/AULAS/AOC/TRABAI-COM-REGISTERS/MIC1-GUILHERME-MATHEUS/MBR.vwf --testbench_file=./simulation/qsim/MIC1.vt
quartus_eda --functional=off --timescale=1ps --simulation=on --tool=modelsim_oem --format=verilog MIC1 -c MIC1
quartus_eda --gen_testbench --check_outputs=on --tool=modelsim_oem --format=verilog MIC1 -c MIC1 --vector_source=D:/Backup/AULAS/AOC/TRABAI-COM-REGISTERS/MIC1-GUILHERME-MATHEUS/MBR.vwf --testbench_file=./simulation/qsim/MIC1.vt
quartus_eda --functional=on --simulation=on --tool=modelsim_oem --format=verilog MIC1 -c MIC1
quartus_eda --gen_testbench --check_outputs=on --tool=modelsim_oem --format=verilog MIC1 -c MIC1 --vector_source=D:/Backup/AULAS/AOC/TRABAI-COM-REGISTERS/MIC1-GUILHERME-MATHEUS/MBR.vwf --testbench_file=./simulation/qsim/MIC1.vt
quartus_eda --functional=off --timescale=1ps --simulation=on --tool=modelsim_oem --format=verilog MIC1 -c MIC1
quartus_eda --gen_testbench --check_outputs=on --tool=modelsim_oem --format=verilog MIC1 -c MIC1 --vector_source=D:/Backup/AULAS/AOC/TRABAI-COM-REGISTERS/MIC1-GUILHERME-MATHEUS/MBR.vwf --testbench_file=./simulation/qsim/MIC1.vt
quartus_eda --functional=off --timescale=1ps --simulation=on --tool=modelsim_oem --format=verilog MIC1 -c MIC1
quartus_eda --gen_testbench --check_outputs=on --tool=modelsim_oem --format=verilog MIC1 -c MIC1 --vector_source=D:/Backup/AULAS/AOC/TRABAI-COM-REGISTERS/MIC1-GUILHERME-MATHEUS/MBR.vwf --testbench_file=./simulation/qsim/MIC1.vt
quartus_eda --functional=off --timescale=1ps --simulation=on --tool=modelsim_oem --format=verilog MIC1 -c MIC1
quartus_eda --gen_testbench --check_outputs=on --tool=modelsim_oem --format=verilog MIC1 -c MIC1 --vector_source=D:/Backup/AULAS/AOC/TRABAI-COM-REGISTERS/MIC1-GUILHERME-MATHEUS/MBR.vwf --testbench_file=./simulation/qsim/MIC1.vt
quartus_eda --functional=off --timescale=1ps --simulation=on --tool=modelsim_oem --format=verilog MIC1 -c MIC1
quartus_eda --gen_testbench --check_outputs=on --tool=modelsim_oem --format=verilog MIC1 -c MIC1 --vector_source=D:/Backup/AULAS/AOC/TRABAI-COM-REGISTERS/MIC1-GUILHERME-MATHEUS/MBR.vwf --testbench_file=./simulation/qsim/MIC1.vt
quartus_eda --functional=off --timescale=1ps --simulation=on --tool=modelsim_oem --format=verilog MIC1 -c MIC1



