Simulator report for MIC1
Sun Aug 04 12:57:45 2024
Quartus II 64-Bit Version 13.0.0 Build 156 04/24/2013 SJ Web Edition


---------------------
; Table of Contents ;
---------------------
  1. Legal Notice
  2. Simulator Summary
  3. Simulator Settings
  4. Simulation Waveforms
  5. Coverage Summary
  6. Complete 1/0-Value Coverage
  7. Missing 1-Value Coverage
  8. Missing 0-Value Coverage
  9. Simulator INI Usage
 10. Simulator Messages



----------------
; Legal Notice ;
----------------
Copyright (C) 1991-2013 Altera Corporation
Your use of Altera Corporation's design tools, logic functions 
and other software and tools, and its AMPP partner logic 
functions, and any output files from any of the foregoing 
(including device programming or simulation files), and any 
associated documentation or information are expressly subject 
to the terms and conditions of the Altera Program License 
Subscription Agreement, Altera MegaCore Function License 
Agreement, or other applicable license agreement, including, 
without limitation, that your use is for the sole purpose of 
programming logic devices manufactured by Altera and sold by 
Altera or its authorized distributors.  Please refer to the 
applicable agreement for further details.



+--------------------------------------------+
; Simulator Summary                          ;
+-----------------------------+--------------+
; Type                        ; Value        ;
+-----------------------------+--------------+
; Simulation Start Time       ; 0 ps         ;
; Simulation End Time         ; 1.6 us       ;
; Simulation Netlist Size     ; 166 nodes    ;
; Simulation Coverage         ;      21.48 % ;
; Total Number of Transitions ; 383          ;
; Simulation Breakpoints      ; 0            ;
; Family                      ; Cyclone II   ;
; Device                      ; EP2C70F896I8 ;
+-----------------------------+--------------+


+--------------------------------------------------------------------------------------------------------------------------------------------------------------------------------------+
; Simulator Settings                                                                                                                                                                   ;
+--------------------------------------------------------------------------------------------+-------------------------------------------------------------------------+---------------+
; Option                                                                                     ; Setting                                                                 ; Default Value ;
+--------------------------------------------------------------------------------------------+-------------------------------------------------------------------------+---------------+
; Simulation mode                                                                            ; Timing                                                                  ; Timing        ;
; Start time                                                                                 ; 0 ns                                                                    ; 0 ns          ;
; Simulation results format                                                                  ; VWF                                                                     ;               ;
; Vector input source                                                                        ; D:/Backup/AULAS/AOC/TRABAI-COM-REGISTERS/MIC1-GUILHERME-MATHEUS/OPC.vwf ;               ;
; Add pins automatically to simulation output waveforms                                      ; On                                                                      ; On            ;
; Check outputs                                                                              ; Off                                                                     ; Off           ;
; Report simulation coverage                                                                 ; On                                                                      ; On            ;
; Display complete 1/0 value coverage report                                                 ; On                                                                      ; On            ;
; Display missing 1-value coverage report                                                    ; On                                                                      ; On            ;
; Display missing 0-value coverage report                                                    ; On                                                                      ; On            ;
; Detect setup and hold time violations                                                      ; Off                                                                     ; Off           ;
; Detect glitches                                                                            ; Off                                                                     ; Off           ;
; Disable timing delays in Timing Simulation                                                 ; Off                                                                     ; Off           ;
; Generate Signal Activity File                                                              ; Off                                                                     ; Off           ;
; Generate VCD File for PowerPlay Power Analyzer                                             ; Off                                                                     ; Off           ;
; Group bus channels in simulation results                                                   ; Off                                                                     ; Off           ;
; Preserve fewer signal transitions to reduce memory requirements                            ; On                                                                      ; On            ;
; Trigger vector comparison with the specified mode                                          ; INPUT_EDGE                                                              ; INPUT_EDGE    ;
; Disable setup and hold time violations detection in input registers of bi-directional pins ; Off                                                                     ; Off           ;
; Overwrite Waveform Inputs With Simulation Outputs                                          ; Off                                                                     ;               ;
; Perform Glitch Filtering in Timing Simulation                                              ; Auto                                                                    ; Auto          ;
+--------------------------------------------------------------------------------------------+-------------------------------------------------------------------------+---------------+


+----------------------+
; Simulation Waveforms ;
+----------------------+
Waveform report data cannot be output to ASCII.
Please use Quartus II 64-Bit to view the waveform report data.


+--------------------------------------------------------------------+
; Coverage Summary                                                   ;
+-----------------------------------------------------+--------------+
; Type                                                ; Value        ;
+-----------------------------------------------------+--------------+
; Total coverage as a percentage                      ;      21.48 % ;
; Total nodes checked                                 ; 166          ;
; Total output ports checked                          ; 135          ;
; Total output ports with complete 1/0-value coverage ; 29           ;
; Total output ports with no 1/0-value coverage       ; 78           ;
; Total output ports with no 1-value coverage         ; 105          ;
; Total output ports with no 0-value coverage         ; 79           ;
+-----------------------------------------------------+--------------+


The following table displays output ports that toggle between 1 and 0 during simulation.
+------------------------------------------------------------------------------------------------------------------------------------------+
; Complete 1/0-Value Coverage                                                                                                              ;
+-----------------------------------------------------------+-----------------------------------------------------------+------------------+
; Node Name                                                 ; Output Port Name                                          ; Output Port Type ;
+-----------------------------------------------------------+-----------------------------------------------------------+------------------+
; |OPC|inst1~0                                              ; |OPC|inst1~0                                              ; combout          ;
; |OPC|register_32bit:inst|register_4bit:inst2|inst3        ; |OPC|register_32bit:inst|register_4bit:inst2|inst3        ; regout           ;
; |OPC|register_32bit:inst|register_4bit:inst3|inst         ; |OPC|register_32bit:inst|register_4bit:inst3|inst         ; regout           ;
; |OPC|register_32bit:inst|register_4bit:inst3|inst1        ; |OPC|register_32bit:inst|register_4bit:inst3|inst1        ; regout           ;
; |OPC|register_32bit:inst|register_4bit:inst3|inst2        ; |OPC|register_32bit:inst|register_4bit:inst3|inst2        ; regout           ;
; |OPC|register_32bit:inst|register_4bit:inst3|inst3        ; |OPC|register_32bit:inst|register_4bit:inst3|inst3        ; regout           ;
; |OPC|register_32bit:inst|inst12                           ; |OPC|register_32bit:inst|inst12                           ; combout          ;
; |OPC|OUT_B[4]                                             ; |OPC|OUT_B[4]                                             ; padio            ;
; |OPC|OUT_B[3]                                             ; |OPC|OUT_B[3]                                             ; padio            ;
; |OPC|OUT_B[2]                                             ; |OPC|OUT_B[2]                                             ; padio            ;
; |OPC|OUT_B[1]                                             ; |OPC|OUT_B[1]                                             ; padio            ;
; |OPC|OUT_B[0]                                             ; |OPC|OUT_B[0]                                             ; padio            ;
; |OPC|MIR[3]                                               ; |OPC|MIR[3]~corein                                        ; combout          ;
; |OPC|MIR[2]                                               ; |OPC|MIR[2]~corein                                        ; combout          ;
; |OPC|MIR[1]                                               ; |OPC|MIR[1]~corein                                        ; combout          ;
; |OPC|MIR[0]                                               ; |OPC|MIR[0]~corein                                        ; combout          ;
; |OPC|LOAD                                                 ; |OPC|LOAD~corein                                          ; combout          ;
; |OPC|IN_C[3]                                              ; |OPC|IN_C[3]~corein                                       ; combout          ;
; |OPC|IN_C[2]                                              ; |OPC|IN_C[2]~corein                                       ; combout          ;
; |OPC|IN_C[1]                                              ; |OPC|IN_C[1]~corein                                       ; combout          ;
; |OPC|IN_C[0]                                              ; |OPC|IN_C[0]~corein                                       ; combout          ;
; |OPC|MIR[14]                                              ; |OPC|MIR[14]~corein                                       ; combout          ;
; |OPC|CLOCK                                                ; |OPC|CLOCK~corein                                         ; combout          ;
; |OPC|LOAD~clkctrl                                         ; |OPC|LOAD~clkctrl                                         ; outclk           ;
; |OPC|register_32bit:inst|inst12~clkctrl                   ; |OPC|register_32bit:inst|inst12~clkctrl                   ; outclk           ;
; |OPC|register_32bit:inst|register_4bit:inst3|inst~feeder  ; |OPC|register_32bit:inst|register_4bit:inst3|inst~feeder  ; combout          ;
; |OPC|register_32bit:inst|register_4bit:inst3|inst1~feeder ; |OPC|register_32bit:inst|register_4bit:inst3|inst1~feeder ; combout          ;
; |OPC|register_32bit:inst|register_4bit:inst3|inst2~feeder ; |OPC|register_32bit:inst|register_4bit:inst3|inst2~feeder ; combout          ;
; |OPC|register_32bit:inst|register_4bit:inst3|inst3~feeder ; |OPC|register_32bit:inst|register_4bit:inst3|inst3~feeder ; combout          ;
+-----------------------------------------------------------+-----------------------------------------------------------+------------------+


The following table displays output ports that do not toggle to 1 during simulation.
+------------------------------------------------------------------------------------------------------------------------------------------+
; Missing 1-Value Coverage                                                                                                                 ;
+-----------------------------------------------------------+-----------------------------------------------------------+------------------+
; Node Name                                                 ; Output Port Name                                          ; Output Port Type ;
+-----------------------------------------------------------+-----------------------------------------------------------+------------------+
; |OPC|register_32bit:inst|register_4bit:inst5|inst         ; |OPC|register_32bit:inst|register_4bit:inst5|inst         ; regout           ;
; |OPC|register_32bit:inst|register_4bit:inst5|inst1        ; |OPC|register_32bit:inst|register_4bit:inst5|inst1        ; regout           ;
; |OPC|register_32bit:inst|register_4bit:inst5|inst2        ; |OPC|register_32bit:inst|register_4bit:inst5|inst2        ; regout           ;
; |OPC|register_32bit:inst|register_4bit:inst5|inst3        ; |OPC|register_32bit:inst|register_4bit:inst5|inst3        ; regout           ;
; |OPC|register_32bit:inst|register_4bit:inst4|inst         ; |OPC|register_32bit:inst|register_4bit:inst4|inst         ; regout           ;
; |OPC|register_32bit:inst|register_4bit:inst4|inst1        ; |OPC|register_32bit:inst|register_4bit:inst4|inst1        ; regout           ;
; |OPC|register_32bit:inst|register_4bit:inst4|inst2        ; |OPC|register_32bit:inst|register_4bit:inst4|inst2        ; regout           ;
; |OPC|register_32bit:inst|register_4bit:inst4|inst3        ; |OPC|register_32bit:inst|register_4bit:inst4|inst3        ; regout           ;
; |OPC|register_32bit:inst|register_4bit:inst6|inst         ; |OPC|register_32bit:inst|register_4bit:inst6|inst         ; regout           ;
; |OPC|register_32bit:inst|register_4bit:inst6|inst1        ; |OPC|register_32bit:inst|register_4bit:inst6|inst1        ; regout           ;
; |OPC|register_32bit:inst|register_4bit:inst6|inst2        ; |OPC|register_32bit:inst|register_4bit:inst6|inst2        ; regout           ;
; |OPC|register_32bit:inst|register_4bit:inst6|inst3        ; |OPC|register_32bit:inst|register_4bit:inst6|inst3        ; regout           ;
; |OPC|register_32bit:inst|register_4bit:inst7|inst         ; |OPC|register_32bit:inst|register_4bit:inst7|inst         ; regout           ;
; |OPC|register_32bit:inst|register_4bit:inst7|inst1        ; |OPC|register_32bit:inst|register_4bit:inst7|inst1        ; regout           ;
; |OPC|register_32bit:inst|register_4bit:inst7|inst2        ; |OPC|register_32bit:inst|register_4bit:inst7|inst2        ; regout           ;
; |OPC|register_32bit:inst|register_4bit:inst7|inst3        ; |OPC|register_32bit:inst|register_4bit:inst7|inst3        ; regout           ;
; |OPC|register_32bit:inst|register_4bit:inst|inst          ; |OPC|register_32bit:inst|register_4bit:inst|inst          ; regout           ;
; |OPC|register_32bit:inst|register_4bit:inst|inst1         ; |OPC|register_32bit:inst|register_4bit:inst|inst1         ; regout           ;
; |OPC|register_32bit:inst|register_4bit:inst|inst2         ; |OPC|register_32bit:inst|register_4bit:inst|inst2         ; regout           ;
; |OPC|register_32bit:inst|register_4bit:inst|inst3         ; |OPC|register_32bit:inst|register_4bit:inst|inst3         ; regout           ;
; |OPC|register_32bit:inst|register_4bit:inst1|inst         ; |OPC|register_32bit:inst|register_4bit:inst1|inst         ; regout           ;
; |OPC|register_32bit:inst|register_4bit:inst1|inst1        ; |OPC|register_32bit:inst|register_4bit:inst1|inst1        ; regout           ;
; |OPC|register_32bit:inst|register_4bit:inst1|inst2        ; |OPC|register_32bit:inst|register_4bit:inst1|inst2        ; regout           ;
; |OPC|register_32bit:inst|register_4bit:inst1|inst3        ; |OPC|register_32bit:inst|register_4bit:inst1|inst3        ; regout           ;
; |OPC|register_32bit:inst|register_4bit:inst2|inst         ; |OPC|register_32bit:inst|register_4bit:inst2|inst         ; regout           ;
; |OPC|register_32bit:inst|register_4bit:inst2|inst1        ; |OPC|register_32bit:inst|register_4bit:inst2|inst1        ; regout           ;
; |OPC|register_32bit:inst|register_4bit:inst2|inst2        ; |OPC|register_32bit:inst|register_4bit:inst2|inst2        ; regout           ;
; |OPC|OUT_B[31]                                            ; |OPC|OUT_B[31]                                            ; padio            ;
; |OPC|OUT_B[30]                                            ; |OPC|OUT_B[30]                                            ; padio            ;
; |OPC|OUT_B[29]                                            ; |OPC|OUT_B[29]                                            ; padio            ;
; |OPC|OUT_B[28]                                            ; |OPC|OUT_B[28]                                            ; padio            ;
; |OPC|OUT_B[27]                                            ; |OPC|OUT_B[27]                                            ; padio            ;
; |OPC|OUT_B[26]                                            ; |OPC|OUT_B[26]                                            ; padio            ;
; |OPC|OUT_B[25]                                            ; |OPC|OUT_B[25]                                            ; padio            ;
; |OPC|OUT_B[24]                                            ; |OPC|OUT_B[24]                                            ; padio            ;
; |OPC|OUT_B[23]                                            ; |OPC|OUT_B[23]                                            ; padio            ;
; |OPC|OUT_B[22]                                            ; |OPC|OUT_B[22]                                            ; padio            ;
; |OPC|OUT_B[21]                                            ; |OPC|OUT_B[21]                                            ; padio            ;
; |OPC|OUT_B[20]                                            ; |OPC|OUT_B[20]                                            ; padio            ;
; |OPC|OUT_B[19]                                            ; |OPC|OUT_B[19]                                            ; padio            ;
; |OPC|OUT_B[18]                                            ; |OPC|OUT_B[18]                                            ; padio            ;
; |OPC|OUT_B[17]                                            ; |OPC|OUT_B[17]                                            ; padio            ;
; |OPC|OUT_B[16]                                            ; |OPC|OUT_B[16]                                            ; padio            ;
; |OPC|OUT_B[15]                                            ; |OPC|OUT_B[15]                                            ; padio            ;
; |OPC|OUT_B[14]                                            ; |OPC|OUT_B[14]                                            ; padio            ;
; |OPC|OUT_B[13]                                            ; |OPC|OUT_B[13]                                            ; padio            ;
; |OPC|OUT_B[12]                                            ; |OPC|OUT_B[12]                                            ; padio            ;
; |OPC|OUT_B[11]                                            ; |OPC|OUT_B[11]                                            ; padio            ;
; |OPC|OUT_B[10]                                            ; |OPC|OUT_B[10]                                            ; padio            ;
; |OPC|OUT_B[9]                                             ; |OPC|OUT_B[9]                                             ; padio            ;
; |OPC|OUT_B[8]                                             ; |OPC|OUT_B[8]                                             ; padio            ;
; |OPC|OUT_B[7]                                             ; |OPC|OUT_B[7]                                             ; padio            ;
; |OPC|OUT_B[6]                                             ; |OPC|OUT_B[6]                                             ; padio            ;
; |OPC|OUT_B[5]                                             ; |OPC|OUT_B[5]                                             ; padio            ;
; |OPC|IN_C[31]                                             ; |OPC|IN_C[31]~corein                                      ; combout          ;
; |OPC|IN_C[30]                                             ; |OPC|IN_C[30]~corein                                      ; combout          ;
; |OPC|IN_C[29]                                             ; |OPC|IN_C[29]~corein                                      ; combout          ;
; |OPC|IN_C[28]                                             ; |OPC|IN_C[28]~corein                                      ; combout          ;
; |OPC|IN_C[27]                                             ; |OPC|IN_C[27]~corein                                      ; combout          ;
; |OPC|IN_C[26]                                             ; |OPC|IN_C[26]~corein                                      ; combout          ;
; |OPC|IN_C[25]                                             ; |OPC|IN_C[25]~corein                                      ; combout          ;
; |OPC|IN_C[24]                                             ; |OPC|IN_C[24]~corein                                      ; combout          ;
; |OPC|IN_C[23]                                             ; |OPC|IN_C[23]~corein                                      ; combout          ;
; |OPC|IN_C[22]                                             ; |OPC|IN_C[22]~corein                                      ; combout          ;
; |OPC|IN_C[21]                                             ; |OPC|IN_C[21]~corein                                      ; combout          ;
; |OPC|IN_C[20]                                             ; |OPC|IN_C[20]~corein                                      ; combout          ;
; |OPC|IN_C[19]                                             ; |OPC|IN_C[19]~corein                                      ; combout          ;
; |OPC|IN_C[18]                                             ; |OPC|IN_C[18]~corein                                      ; combout          ;
; |OPC|IN_C[17]                                             ; |OPC|IN_C[17]~corein                                      ; combout          ;
; |OPC|IN_C[16]                                             ; |OPC|IN_C[16]~corein                                      ; combout          ;
; |OPC|IN_C[15]                                             ; |OPC|IN_C[15]~corein                                      ; combout          ;
; |OPC|IN_C[14]                                             ; |OPC|IN_C[14]~corein                                      ; combout          ;
; |OPC|IN_C[13]                                             ; |OPC|IN_C[13]~corein                                      ; combout          ;
; |OPC|IN_C[12]                                             ; |OPC|IN_C[12]~corein                                      ; combout          ;
; |OPC|IN_C[11]                                             ; |OPC|IN_C[11]~corein                                      ; combout          ;
; |OPC|IN_C[10]                                             ; |OPC|IN_C[10]~corein                                      ; combout          ;
; |OPC|IN_C[9]                                              ; |OPC|IN_C[9]~corein                                       ; combout          ;
; |OPC|IN_C[8]                                              ; |OPC|IN_C[8]~corein                                       ; combout          ;
; |OPC|IN_C[7]                                              ; |OPC|IN_C[7]~corein                                       ; combout          ;
; |OPC|IN_C[6]                                              ; |OPC|IN_C[6]~corein                                       ; combout          ;
; |OPC|IN_C[5]                                              ; |OPC|IN_C[5]~corein                                       ; combout          ;
; |OPC|register_32bit:inst|register_4bit:inst5|inst~feeder  ; |OPC|register_32bit:inst|register_4bit:inst5|inst~feeder  ; combout          ;
; |OPC|register_32bit:inst|register_4bit:inst5|inst1~feeder ; |OPC|register_32bit:inst|register_4bit:inst5|inst1~feeder ; combout          ;
; |OPC|register_32bit:inst|register_4bit:inst5|inst2~feeder ; |OPC|register_32bit:inst|register_4bit:inst5|inst2~feeder ; combout          ;
; |OPC|register_32bit:inst|register_4bit:inst5|inst3~feeder ; |OPC|register_32bit:inst|register_4bit:inst5|inst3~feeder ; combout          ;
; |OPC|register_32bit:inst|register_4bit:inst4|inst~feeder  ; |OPC|register_32bit:inst|register_4bit:inst4|inst~feeder  ; combout          ;
; |OPC|register_32bit:inst|register_4bit:inst4|inst1~feeder ; |OPC|register_32bit:inst|register_4bit:inst4|inst1~feeder ; combout          ;
; |OPC|register_32bit:inst|register_4bit:inst4|inst2~feeder ; |OPC|register_32bit:inst|register_4bit:inst4|inst2~feeder ; combout          ;
; |OPC|register_32bit:inst|register_4bit:inst6|inst1~feeder ; |OPC|register_32bit:inst|register_4bit:inst6|inst1~feeder ; combout          ;
; |OPC|register_32bit:inst|register_4bit:inst6|inst2~feeder ; |OPC|register_32bit:inst|register_4bit:inst6|inst2~feeder ; combout          ;
; |OPC|register_32bit:inst|register_4bit:inst6|inst3~feeder ; |OPC|register_32bit:inst|register_4bit:inst6|inst3~feeder ; combout          ;
; |OPC|register_32bit:inst|register_4bit:inst7|inst~feeder  ; |OPC|register_32bit:inst|register_4bit:inst7|inst~feeder  ; combout          ;
; |OPC|register_32bit:inst|register_4bit:inst7|inst1~feeder ; |OPC|register_32bit:inst|register_4bit:inst7|inst1~feeder ; combout          ;
; |OPC|register_32bit:inst|register_4bit:inst7|inst2~feeder ; |OPC|register_32bit:inst|register_4bit:inst7|inst2~feeder ; combout          ;
; |OPC|register_32bit:inst|register_4bit:inst7|inst3~feeder ; |OPC|register_32bit:inst|register_4bit:inst7|inst3~feeder ; combout          ;
; |OPC|register_32bit:inst|register_4bit:inst|inst1~feeder  ; |OPC|register_32bit:inst|register_4bit:inst|inst1~feeder  ; combout          ;
; |OPC|register_32bit:inst|register_4bit:inst|inst2~feeder  ; |OPC|register_32bit:inst|register_4bit:inst|inst2~feeder  ; combout          ;
; |OPC|register_32bit:inst|register_4bit:inst|inst3~feeder  ; |OPC|register_32bit:inst|register_4bit:inst|inst3~feeder  ; combout          ;
; |OPC|register_32bit:inst|register_4bit:inst1|inst~feeder  ; |OPC|register_32bit:inst|register_4bit:inst1|inst~feeder  ; combout          ;
; |OPC|register_32bit:inst|register_4bit:inst1|inst1~feeder ; |OPC|register_32bit:inst|register_4bit:inst1|inst1~feeder ; combout          ;
; |OPC|register_32bit:inst|register_4bit:inst1|inst2~feeder ; |OPC|register_32bit:inst|register_4bit:inst1|inst2~feeder ; combout          ;
; |OPC|register_32bit:inst|register_4bit:inst1|inst3~feeder ; |OPC|register_32bit:inst|register_4bit:inst1|inst3~feeder ; combout          ;
; |OPC|register_32bit:inst|register_4bit:inst2|inst~feeder  ; |OPC|register_32bit:inst|register_4bit:inst2|inst~feeder  ; combout          ;
; |OPC|register_32bit:inst|register_4bit:inst2|inst1~feeder ; |OPC|register_32bit:inst|register_4bit:inst2|inst1~feeder ; combout          ;
; |OPC|register_32bit:inst|register_4bit:inst2|inst2~feeder ; |OPC|register_32bit:inst|register_4bit:inst2|inst2~feeder ; combout          ;
+-----------------------------------------------------------+-----------------------------------------------------------+------------------+


The following table displays output ports that do not toggle to 0 during simulation.
+------------------------------------------------------------------------------------------------------------------------------------------+
; Missing 0-Value Coverage                                                                                                                 ;
+-----------------------------------------------------------+-----------------------------------------------------------+------------------+
; Node Name                                                 ; Output Port Name                                          ; Output Port Type ;
+-----------------------------------------------------------+-----------------------------------------------------------+------------------+
; |OPC|register_32bit:inst|register_4bit:inst5|inst         ; |OPC|register_32bit:inst|register_4bit:inst5|inst         ; regout           ;
; |OPC|register_32bit:inst|register_4bit:inst5|inst1        ; |OPC|register_32bit:inst|register_4bit:inst5|inst1        ; regout           ;
; |OPC|register_32bit:inst|register_4bit:inst5|inst2        ; |OPC|register_32bit:inst|register_4bit:inst5|inst2        ; regout           ;
; |OPC|register_32bit:inst|register_4bit:inst5|inst3        ; |OPC|register_32bit:inst|register_4bit:inst5|inst3        ; regout           ;
; |OPC|register_32bit:inst|register_4bit:inst4|inst         ; |OPC|register_32bit:inst|register_4bit:inst4|inst         ; regout           ;
; |OPC|register_32bit:inst|register_4bit:inst4|inst1        ; |OPC|register_32bit:inst|register_4bit:inst4|inst1        ; regout           ;
; |OPC|register_32bit:inst|register_4bit:inst4|inst2        ; |OPC|register_32bit:inst|register_4bit:inst4|inst2        ; regout           ;
; |OPC|register_32bit:inst|register_4bit:inst4|inst3        ; |OPC|register_32bit:inst|register_4bit:inst4|inst3        ; regout           ;
; |OPC|register_32bit:inst|register_4bit:inst6|inst         ; |OPC|register_32bit:inst|register_4bit:inst6|inst         ; regout           ;
; |OPC|register_32bit:inst|register_4bit:inst6|inst1        ; |OPC|register_32bit:inst|register_4bit:inst6|inst1        ; regout           ;
; |OPC|register_32bit:inst|register_4bit:inst6|inst2        ; |OPC|register_32bit:inst|register_4bit:inst6|inst2        ; regout           ;
; |OPC|register_32bit:inst|register_4bit:inst6|inst3        ; |OPC|register_32bit:inst|register_4bit:inst6|inst3        ; regout           ;
; |OPC|register_32bit:inst|register_4bit:inst7|inst         ; |OPC|register_32bit:inst|register_4bit:inst7|inst         ; regout           ;
; |OPC|register_32bit:inst|register_4bit:inst7|inst1        ; |OPC|register_32bit:inst|register_4bit:inst7|inst1        ; regout           ;
; |OPC|register_32bit:inst|register_4bit:inst7|inst2        ; |OPC|register_32bit:inst|register_4bit:inst7|inst2        ; regout           ;
; |OPC|register_32bit:inst|register_4bit:inst7|inst3        ; |OPC|register_32bit:inst|register_4bit:inst7|inst3        ; regout           ;
; |OPC|register_32bit:inst|register_4bit:inst|inst          ; |OPC|register_32bit:inst|register_4bit:inst|inst          ; regout           ;
; |OPC|register_32bit:inst|register_4bit:inst|inst1         ; |OPC|register_32bit:inst|register_4bit:inst|inst1         ; regout           ;
; |OPC|register_32bit:inst|register_4bit:inst|inst2         ; |OPC|register_32bit:inst|register_4bit:inst|inst2         ; regout           ;
; |OPC|register_32bit:inst|register_4bit:inst|inst3         ; |OPC|register_32bit:inst|register_4bit:inst|inst3         ; regout           ;
; |OPC|register_32bit:inst|register_4bit:inst1|inst         ; |OPC|register_32bit:inst|register_4bit:inst1|inst         ; regout           ;
; |OPC|register_32bit:inst|register_4bit:inst1|inst1        ; |OPC|register_32bit:inst|register_4bit:inst1|inst1        ; regout           ;
; |OPC|register_32bit:inst|register_4bit:inst1|inst2        ; |OPC|register_32bit:inst|register_4bit:inst1|inst2        ; regout           ;
; |OPC|register_32bit:inst|register_4bit:inst1|inst3        ; |OPC|register_32bit:inst|register_4bit:inst1|inst3        ; regout           ;
; |OPC|register_32bit:inst|register_4bit:inst2|inst         ; |OPC|register_32bit:inst|register_4bit:inst2|inst         ; regout           ;
; |OPC|register_32bit:inst|register_4bit:inst2|inst1        ; |OPC|register_32bit:inst|register_4bit:inst2|inst1        ; regout           ;
; |OPC|register_32bit:inst|register_4bit:inst2|inst2        ; |OPC|register_32bit:inst|register_4bit:inst2|inst2        ; regout           ;
; |OPC|IN_C[31]                                             ; |OPC|IN_C[31]~corein                                      ; combout          ;
; |OPC|IN_C[30]                                             ; |OPC|IN_C[30]~corein                                      ; combout          ;
; |OPC|IN_C[29]                                             ; |OPC|IN_C[29]~corein                                      ; combout          ;
; |OPC|IN_C[28]                                             ; |OPC|IN_C[28]~corein                                      ; combout          ;
; |OPC|IN_C[27]                                             ; |OPC|IN_C[27]~corein                                      ; combout          ;
; |OPC|IN_C[26]                                             ; |OPC|IN_C[26]~corein                                      ; combout          ;
; |OPC|IN_C[25]                                             ; |OPC|IN_C[25]~corein                                      ; combout          ;
; |OPC|IN_C[24]                                             ; |OPC|IN_C[24]~corein                                      ; combout          ;
; |OPC|IN_C[23]                                             ; |OPC|IN_C[23]~corein                                      ; combout          ;
; |OPC|IN_C[22]                                             ; |OPC|IN_C[22]~corein                                      ; combout          ;
; |OPC|IN_C[21]                                             ; |OPC|IN_C[21]~corein                                      ; combout          ;
; |OPC|IN_C[20]                                             ; |OPC|IN_C[20]~corein                                      ; combout          ;
; |OPC|IN_C[19]                                             ; |OPC|IN_C[19]~corein                                      ; combout          ;
; |OPC|IN_C[18]                                             ; |OPC|IN_C[18]~corein                                      ; combout          ;
; |OPC|IN_C[17]                                             ; |OPC|IN_C[17]~corein                                      ; combout          ;
; |OPC|IN_C[16]                                             ; |OPC|IN_C[16]~corein                                      ; combout          ;
; |OPC|IN_C[15]                                             ; |OPC|IN_C[15]~corein                                      ; combout          ;
; |OPC|IN_C[14]                                             ; |OPC|IN_C[14]~corein                                      ; combout          ;
; |OPC|IN_C[13]                                             ; |OPC|IN_C[13]~corein                                      ; combout          ;
; |OPC|IN_C[12]                                             ; |OPC|IN_C[12]~corein                                      ; combout          ;
; |OPC|IN_C[11]                                             ; |OPC|IN_C[11]~corein                                      ; combout          ;
; |OPC|IN_C[10]                                             ; |OPC|IN_C[10]~corein                                      ; combout          ;
; |OPC|IN_C[9]                                              ; |OPC|IN_C[9]~corein                                       ; combout          ;
; |OPC|IN_C[8]                                              ; |OPC|IN_C[8]~corein                                       ; combout          ;
; |OPC|IN_C[7]                                              ; |OPC|IN_C[7]~corein                                       ; combout          ;
; |OPC|IN_C[6]                                              ; |OPC|IN_C[6]~corein                                       ; combout          ;
; |OPC|IN_C[5]                                              ; |OPC|IN_C[5]~corein                                       ; combout          ;
; |OPC|IN_C[4]                                              ; |OPC|IN_C[4]~corein                                       ; combout          ;
; |OPC|register_32bit:inst|register_4bit:inst5|inst~feeder  ; |OPC|register_32bit:inst|register_4bit:inst5|inst~feeder  ; combout          ;
; |OPC|register_32bit:inst|register_4bit:inst5|inst1~feeder ; |OPC|register_32bit:inst|register_4bit:inst5|inst1~feeder ; combout          ;
; |OPC|register_32bit:inst|register_4bit:inst5|inst2~feeder ; |OPC|register_32bit:inst|register_4bit:inst5|inst2~feeder ; combout          ;
; |OPC|register_32bit:inst|register_4bit:inst5|inst3~feeder ; |OPC|register_32bit:inst|register_4bit:inst5|inst3~feeder ; combout          ;
; |OPC|register_32bit:inst|register_4bit:inst4|inst~feeder  ; |OPC|register_32bit:inst|register_4bit:inst4|inst~feeder  ; combout          ;
; |OPC|register_32bit:inst|register_4bit:inst4|inst1~feeder ; |OPC|register_32bit:inst|register_4bit:inst4|inst1~feeder ; combout          ;
; |OPC|register_32bit:inst|register_4bit:inst4|inst2~feeder ; |OPC|register_32bit:inst|register_4bit:inst4|inst2~feeder ; combout          ;
; |OPC|register_32bit:inst|register_4bit:inst6|inst1~feeder ; |OPC|register_32bit:inst|register_4bit:inst6|inst1~feeder ; combout          ;
; |OPC|register_32bit:inst|register_4bit:inst6|inst2~feeder ; |OPC|register_32bit:inst|register_4bit:inst6|inst2~feeder ; combout          ;
; |OPC|register_32bit:inst|register_4bit:inst6|inst3~feeder ; |OPC|register_32bit:inst|register_4bit:inst6|inst3~feeder ; combout          ;
; |OPC|register_32bit:inst|register_4bit:inst7|inst~feeder  ; |OPC|register_32bit:inst|register_4bit:inst7|inst~feeder  ; combout          ;
; |OPC|register_32bit:inst|register_4bit:inst7|inst1~feeder ; |OPC|register_32bit:inst|register_4bit:inst7|inst1~feeder ; combout          ;
; |OPC|register_32bit:inst|register_4bit:inst7|inst2~feeder ; |OPC|register_32bit:inst|register_4bit:inst7|inst2~feeder ; combout          ;
; |OPC|register_32bit:inst|register_4bit:inst7|inst3~feeder ; |OPC|register_32bit:inst|register_4bit:inst7|inst3~feeder ; combout          ;
; |OPC|register_32bit:inst|register_4bit:inst|inst1~feeder  ; |OPC|register_32bit:inst|register_4bit:inst|inst1~feeder  ; combout          ;
; |OPC|register_32bit:inst|register_4bit:inst|inst2~feeder  ; |OPC|register_32bit:inst|register_4bit:inst|inst2~feeder  ; combout          ;
; |OPC|register_32bit:inst|register_4bit:inst|inst3~feeder  ; |OPC|register_32bit:inst|register_4bit:inst|inst3~feeder  ; combout          ;
; |OPC|register_32bit:inst|register_4bit:inst1|inst~feeder  ; |OPC|register_32bit:inst|register_4bit:inst1|inst~feeder  ; combout          ;
; |OPC|register_32bit:inst|register_4bit:inst1|inst1~feeder ; |OPC|register_32bit:inst|register_4bit:inst1|inst1~feeder ; combout          ;
; |OPC|register_32bit:inst|register_4bit:inst1|inst2~feeder ; |OPC|register_32bit:inst|register_4bit:inst1|inst2~feeder ; combout          ;
; |OPC|register_32bit:inst|register_4bit:inst1|inst3~feeder ; |OPC|register_32bit:inst|register_4bit:inst1|inst3~feeder ; combout          ;
; |OPC|register_32bit:inst|register_4bit:inst2|inst~feeder  ; |OPC|register_32bit:inst|register_4bit:inst2|inst~feeder  ; combout          ;
; |OPC|register_32bit:inst|register_4bit:inst2|inst1~feeder ; |OPC|register_32bit:inst|register_4bit:inst2|inst1~feeder ; combout          ;
; |OPC|register_32bit:inst|register_4bit:inst2|inst2~feeder ; |OPC|register_32bit:inst|register_4bit:inst2|inst2~feeder ; combout          ;
+-----------------------------------------------------------+-----------------------------------------------------------+------------------+


+---------------------+
; Simulator INI Usage ;
+--------+------------+
; Option ; Usage      ;
+--------+------------+


+--------------------+
; Simulator Messages ;
+--------------------+
Info: *******************************************************************
Info: Running Quartus II 64-Bit Simulator
    Info: Version 13.0.0 Build 156 04/24/2013 SJ Web Edition
    Info: Processing started: Sun Aug 04 12:57:45 2024
Info: Command: quartus_sim --simulation_results_format=VWF MIC1 -c MIC1
Info (324025): Using vector source file "D:/Backup/AULAS/AOC/TRABAI-COM-REGISTERS/MIC1-GUILHERME-MATHEUS/OPC.vwf"
Info (310003): Option to preserve fewer signal transitions to reduce memory requirements is enabled
    Info (310004): Simulation has been partitioned into sub-simulations according to the maximum transition count determined by the engine. Transitions from memory will be flushed out to disk at the end of each sub-simulation to reduce memory requirements.
Info (310002): Simulation partitioned into 1 sub-simulations
Info (328053): Simulation coverage is      21.48 %
Info (328052): Number of transitions in simulation is 383
Info (324045): Vector file MIC1.sim.vwf is saved in VWF text format. You can compress it into CVWF format in order to reduce file size. For more details please refer to the Quartus II Help.
Info: Quartus II 64-Bit Simulator was successful. 0 errors, 0 warnings
    Info: Peak virtual memory: 4474 megabytes
    Info: Processing ended: Sun Aug 04 12:57:45 2024
    Info: Elapsed time: 00:00:00
    Info: Total CPU time (on all processors): 00:00:00


