Restore Archived Project report for pratica_11_03
Sat Mar 16 22:55:39 2024
Quartus II 64-Bit Version 13.0.0 Build 156 04/24/2013 SJ Web Edition


---------------------
; Table of Contents ;
---------------------
  1. Legal Notice
  2. Restore Archived Project Summary
  3. Restore Archived Project Messages
  4. Files Restored
  5. Files Not Restored



----------------
; Legal Notice ;
----------------
Copyright (C) 1991-2013 Altera Corporation
Your use of Altera Corporation's design tools, logic functions 
and other software and tools, and its AMPP partner logic 
functions, and any output files from any of the foregoing 
(including device programming or simulation files), and any 
associated documentation or information are expressly subject 
to the terms and conditions of the Altera Program License 
Subscription Agreement, Altera MegaCore Function License 
Agreement, or other applicable license agreement, including, 
without limitation, that your use is for the sole purpose of 
programming logic devices manufactured by Altera and sold by 
Altera or its authorized distributors.  Please refer to the 
applicable agreement for further details.



+-------------------------------------------------------------------------+
; Restore Archived Project Summary                                        ;
+---------------------------------+---------------------------------------+
; Restore Archived Project Status ; Successful - Sat Mar 16 22:55:39 2024 ;
; Revision Name                   ; pratica_11_03                         ;
; Top-level Entity Name           ; decoder3_8                            ;
; Family                          ; Cyclone II                            ;
+---------------------------------+---------------------------------------+


+-----------------------------------+
; Restore Archived Project Messages ;
+-----------------------------------+
Info: Successfully restored 'D:/Backup/AULAS/AOC/TRABALHO 01/pratica_11_03_tmp_archive.qar' into the 'D:/Backup/AULAS/AOC/TRABALHO 01_copy/' directory
Info: Generated report 'pratica_11_03.restore.rpt'


+----------------------------------------------------------+
; Files Restored                                           ;
+----------------------------------------------------------+
; File Name                                                ;
+----------------------------------------------------------+
; db/pratica_11_03.sim.vwf                                 ;
; decoder2_4.bdf                                           ;
; decoder2_4.vwf                                           ;
; decoder3_8.bdf                                           ;
; decoder3_8.vwf                                           ;
; full_adder_1bit.bdf                                      ;
; full_adder_1bit.vwf                                      ;
; incremental_db/compiled_partitions/pratica_11_03.db_info ;
; pratica_11_03.qpf                                        ;
; pratica_11_03.qsf                                        ;
; assignment_defaults.qdf                                  ;
+----------------------------------------------------------+


+--------------------+
; Files Not Restored ;
+--------------------+
; File Name          ;
+--------------------+


